<?xml version="1.0" encoding="UTF-8"?>
<robot generator="Robot 6.0.2 (Python 3.11.0 on win32)" generated="20230308 15:31:26.723" rpa="false" schemaversion="3">
<suite id="s1" name="Minha-Suite" source="C:\Users\bruno.dorea.SPREADTEC\Estudos\Github\devTalk-automacao-com-robot-framework\webTesting\minha-suite.robot">
<test id="s1-t1" name="Caso de Teste 01: Pesquisar um produto no site" line="6">
<kw name="Acessar a página home do site da loja" library="resource">
<kw name="Open Browser" library="SeleniumLibrary">
<arg>url=${URL}</arg>
<arg>browser=${BROWSER}</arg>
<doc>Opens a new browser instance to the optional ``url``.</doc>
<msg timestamp="20230308 15:31:27.158" level="INFO">Opening browser 'edge' to base url 'https://automationexercise.com/products'.</msg>
<status status="PASS" starttime="20230308 15:31:27.157" endtime="20230308 15:31:33.127"/>
</kw>
<status status="PASS" starttime="20230308 15:31:27.156" endtime="20230308 15:31:33.127"/>
</kw>
<kw name="Digitar o produto &quot;blue top&quot; na pesquisa" library="resource" sourcename="Digitar o produto &quot;${PRODUTO}&quot; na pesquisa">
<kw name="Input Text" library="SeleniumLibrary">
<arg>id=search_product</arg>
<arg>${PRODUTO}</arg>
<doc>Types the given ``text`` into the text field identified by ``locator``.</doc>
<msg timestamp="20230308 15:31:33.130" level="INFO">Typing text 'blue top' into text field 'id=search_product'.</msg>
<status status="PASS" starttime="20230308 15:31:33.129" endtime="20230308 15:31:33.225"/>
</kw>
<status status="PASS" starttime="20230308 15:31:33.128" endtime="20230308 15:31:33.225"/>
</kw>
<kw name="Clicar no botão pesquisar" library="resource">
<kw name="Click Button" library="SeleniumLibrary">
<arg>id=submit_search</arg>
<doc>Clicks the button identified by ``locator``.</doc>
<msg timestamp="20230308 15:31:33.227" level="INFO">Clicking button 'id=submit_search'.</msg>
<status status="PASS" starttime="20230308 15:31:33.226" endtime="20230308 15:31:35.323"/>
</kw>
<status status="PASS" starttime="20230308 15:31:33.225" endtime="20230308 15:31:35.324"/>
</kw>
<kw name="Conferir se o produto &quot;blue top&quot; é exibido corretamente" library="resource" sourcename="Conferir se o produto &quot;${PRODUTO}&quot; é exibido corretamente">
<kw name="Wait Until Element Is Visible" library="SeleniumLibrary">
<arg>xpath=/html/body/section[2]/div/div/div[2]/div/div[2]/div/div[1]/div[1]/img</arg>
<doc>Waits until the element ``locator`` is visible.</doc>
<status status="PASS" starttime="20230308 15:31:35.325" endtime="20230308 15:31:35.357"/>
</kw>
<status status="PASS" starttime="20230308 15:31:35.324" endtime="20230308 15:31:35.358"/>
</kw>
<status status="PASS" starttime="20230308 15:31:27.155" endtime="20230308 15:31:35.358"/>
</test>
<doc>Suite Exemplo WebTesting</doc>
<status status="PASS" starttime="20230308 15:31:26.730" endtime="20230308 15:31:35.359"/>
</suite>
<statistics>
<total>
<stat pass="1" fail="0" skip="0">All Tests</stat>
</total>
<tag>
</tag>
<suite>
<stat pass="1" fail="0" skip="0" id="s1" name="Minha-Suite">Minha-Suite</stat>
</suite>
</statistics>
<errors>
</errors>
</robot>
